[2022/02/22 18:31:19.206] - eth_getBlockByNumber
[2022/02/22 18:31:19.346] - eth_getBlockTransactionCountByHash
[2022/02/22 18:31:19.441] - eth_getBlockByNumber
[2022/02/22 18:31:19.552] - eth_getBlockTransactionCountByHash
[2022/02/22 18:31:19.712] - eth_getBlockByNumber
[2022/02/22 18:31:19.885] - eth_getBlockTransactionCountByHash
[2022/02/22 18:31:19.965] - eth_getBlockByNumber
[2022/02/22 18:31:20.071] - eth_getBlockTransactionCountByHash
[2022/02/22 18:31:20.147] - eth_getBlockByNumber
[2022/02/22 18:31:20.265] - eth_getBlockTransactionCountByHash
[2022/02/22 18:31:20.412] - eth_getBlockByNumber
[2022/02/22 18:31:20.526] - eth_getBlockTransactionCountByHash
[2022/02/22 18:31:20.604] - eth_getBlockByNumber
[2022/02/22 18:31:20.709] - eth_getBlockTransactionCountByHash
[2022/02/22 18:31:20.799] - eth_getBlockByNumber
[2022/02/22 18:31:20.906] - eth_getBlockTransactionCountByHash
[2022/02/22 18:31:20.992] - eth_getBlockByNumber
[2022/02/22 18:31:21.069] - eth_getBlockTransactionCountByHash
[2022/02/22 18:31:21.143] - eth_getBlockByNumber
[2022/02/22 18:31:21.256] - eth_getBlockTransactionCountByHash
[2022/02/22 18:31:21.340] - eth_getBlockByNumber
[2022/02/22 18:31:21.486] - eth_getBlockTransactionCountByHash
[2022/02/22 18:31:21.559] - eth_getBlockByNumber
[2022/02/22 18:31:21.638] - eth_getBlockTransactionCountByHash
[2022/02/22 18:31:21.710] - eth_getBlockByNumber
[2022/02/22 18:31:21.802] - eth_getBlockTransactionCountByHash
[2022/02/22 18:31:21.884] - eth_getBlockByNumber
[2022/02/22 18:31:21.982] - eth_getBlockTransactionCountByHash
[2022/02/22 18:31:22.049] - eth_getBlockByNumber
[2022/02/22 18:31:22.131] - eth_getBlockTransactionCountByHash
[2022/02/22 18:31:22.229] - eth_getBlockByNumber
[2022/02/22 18:31:22.303] - eth_getBlockTransactionCountByHash
[2022/02/22 18:31:27.220] - eth_getBlockByNumber
[2022/02/22 18:31:27.317] - eth_getTransactionReceipt
[2022/02/22 18:31:31.204] - eth_getBlockByNumber
[2022/02/22 18:31:31.320] - eth_getTransactionReceipt
[2022/02/22 18:31:39.068] - eth_getBlockByNumber
[2022/02/22 18:31:39.173] - eth_getTransactionReceipt
[2022/02/22 18:31:39.356] - eth_getBlockByNumber
[2022/02/22 18:31:39.444] - eth_getTransactionReceipt
[2022/02/22 18:31:39.615] - eth_getBlockByNumber
[2022/02/22 18:31:39.721] - eth_getTransactionReceipt
[2022/02/22 18:31:39.947] - eth_getBlockByNumber
[2022/02/22 18:31:40.041] - eth_getTransactionReceipt
[2022/02/22 18:31:40.198] - eth_getBlockByNumber
[2022/02/22 18:31:40.280] - eth_getTransactionReceipt
[2022/02/22 18:31:40.407] - eth_getBlockByNumber
[2022/02/22 18:31:40.506] - eth_getTransactionReceipt
[2022/02/22 18:31:40.638] - eth_getBlockByNumber
[2022/02/22 18:31:40.725] - eth_getTransactionReceipt
[2022/02/22 18:31:40.849] - eth_getBlockByNumber
[2022/02/22 18:31:40.949] - eth_getTransactionReceipt
[2022/02/22 18:31:41.090] - eth_getBlockByNumber
[2022/02/22 18:31:41.173] - eth_getTransactionReceipt
[2022/02/22 18:31:51.864] - eth_getTransactionByHash
[2022/02/22 18:31:52.125] - net_version
[2022/02/22 18:31:52.151] - eth_getCode
[2022/02/22 18:32:09.960] - eth_getBlockByNumber
[2022/02/22 18:32:10.091] - eth_getTransactionReceipt
[2022/02/22 18:32:10.340] - eth_getBlockByNumber
[2022/02/22 18:32:10.544] - eth_getTransactionReceipt
[2022/02/22 18:32:10.798] - eth_getBlockByNumber
[2022/02/22 18:32:10.922] - eth_getTransactionReceipt
[2022/02/22 18:32:11.176] - eth_getBlockByNumber
[2022/02/22 18:32:11.302] - eth_getTransactionReceipt
[2022/02/22 18:32:11.492] - eth_getBlockByNumber
[2022/02/22 18:32:11.598] - eth_getTransactionReceipt
[2022/02/22 18:32:11.653] - eth_getTransactionByHash
[2022/02/22 18:32:11.889] - eth_getBlockByNumber
[2022/02/22 18:32:12.082] - eth_getTransactionReceipt
[2022/02/22 18:32:12.100] - net_version
[2022/02/22 18:32:12.149] - eth_getCode
[2022/02/22 18:32:12.268] - eth_getBlockByNumber
[2022/02/22 18:32:12.409] - eth_getTransactionReceipt
[2022/02/22 18:32:12.589] - eth_getBlockByNumber
[2022/02/22 18:32:12.706] - eth_getTransactionReceipt
[2022/02/22 18:32:12.877] - eth_getBlockByNumber
[2022/02/22 18:32:13.002] - eth_getTransactionReceipt
[2022/02/22 18:32:13.143] - eth_getBlockByNumber
[2022/02/22 18:32:13.229] - eth_getTransactionReceipt
[2022/02/22 18:32:13.375] - eth_getBlockByNumber
[2022/02/22 18:32:13.482] - eth_getTransactionReceipt
[2022/02/22 18:32:31.964] - eth_getBalance
[2022/02/22 18:32:32.139] - eth_getTransactionByHash
[2022/02/22 18:32:32.267] - eth_getTransactionByHash
[2022/02/22 18:32:32.368] - eth_getTransactionByHash
[2022/02/22 18:32:32.685] - net_version
[2022/02/22 18:32:32.707] - eth_getCode
[2022/02/22 18:32:32.727] - eth_getBlockByNumber
[2022/02/22 18:32:32.744] - eth_getBalance
[2022/02/22 18:32:32.767] - eth_getTransactionCount
[2022/02/22 18:32:32.791] - eth_getStorageAt
[2022/02/22 18:32:32.886] - eth_getStorageAt
[2022/02/22 18:32:32.935] - eth_getStorageAt
[2022/02/22 18:32:33.033] - eth_getStorageAt
[2022/02/22 18:32:33.054] - eth_getStorageAt
[2022/02/22 18:32:33.083] - eth_getStorageAt
[2022/02/22 18:32:33.096] - eth_getStorageAt
[2022/02/22 18:32:33.133] - eth_getStorageAt
[2022/02/22 18:32:33.167] - eth_getStorageAt
[2022/02/22 18:32:33.202] - eth_getStorageAt
[2022/02/22 18:32:33.221] - eth_getStorageAt
[2022/02/22 18:32:33.237] - eth_getStorageAt
[2022/02/22 18:32:33.275] - eth_getStorageAt
[2022/02/22 18:32:33.299] - eth_getStorageAt
[2022/02/22 18:32:33.315] - eth_getStorageAt
[2022/02/22 18:32:33.349] - eth_getStorageAt
[2022/02/22 18:32:33.388] - eth_getStorageAt
[2022/02/22 18:32:33.414] - eth_getStorageAt
[2022/02/22 18:32:33.444] - eth_getStorageAt
[2022/02/22 18:32:33.472] - eth_getStorageAt
[2022/02/22 18:32:33.487] - eth_getStorageAt
[2022/02/22 18:32:33.501] - eth_getStorageAt
[2022/02/22 18:32:33.522] - eth_getStorageAt
[2022/02/22 18:32:33.561] - eth_getStorageAt
[2022/02/22 18:32:33.583] - eth_getStorageAt
[2022/02/22 18:32:33.595] - eth_getStorageAt
[2022/02/22 18:32:33.622] - eth_getStorageAt
[2022/02/22 18:32:33.641] - eth_getStorageAt
[2022/02/22 18:32:33.659] - eth_getStorageAt
[2022/02/22 18:32:33.678] - eth_getStorageAt
[2022/02/22 18:32:33.703] - eth_getStorageAt
[2022/02/22 18:32:33.724] - eth_getStorageAt
[2022/02/22 18:32:33.740] - eth_getStorageAt
[2022/02/22 18:32:33.755] - eth_getStorageAt
[2022/02/22 18:32:33.767] - eth_getStorageAt
[2022/02/22 18:32:33.786] - eth_getStorageAt
[2022/02/22 18:32:33.802] - eth_getStorageAt
[2022/02/22 18:32:33.828] - eth_getStorageAt
[2022/02/22 18:32:33.850] - eth_getStorageAt
[2022/02/22 18:32:33.864] - eth_getStorageAt
[2022/02/22 18:32:33.887] - eth_getStorageAt
[2022/02/22 18:32:33.911] - eth_getStorageAt
[2022/02/22 18:32:33.926] - eth_getStorageAt
[2022/02/22 18:32:33.940] - eth_getStorageAt
[2022/02/22 18:32:33.989] - eth_getStorageAt
[2022/02/22 18:32:34.001] - eth_getStorageAt
[2022/02/22 18:32:34.056] - eth_getStorageAt
[2022/02/22 18:32:34.081] - eth_getStorageAt
[2022/02/22 18:32:34.102] - eth_getStorageAt
[2022/02/22 18:32:34.127] - eth_getStorageAt
[2022/02/22 18:32:34.142] - eth_getStorageAt
[2022/02/22 18:32:34.159] - eth_getStorageAt
[2022/02/22 18:32:34.194] - eth_getStorageAt
[2022/02/22 18:32:34.218] - eth_getStorageAt
[2022/02/22 18:32:34.234] - eth_getStorageAt
[2022/02/22 18:33:01.965] - eth_getBalance
[2022/02/22 18:33:02.165] - eth_getTransactionByHash
[2022/02/22 18:33:02.368] - eth_getTransactionReceipt
[2022/02/22 18:33:02.461] - eth_getTransactionByHash
[2022/02/22 18:33:02.707] - eth_getTransactionReceipt
[2022/02/22 18:33:02.956] - net_version
[2022/02/22 18:33:02.960] - eth_getCode
[2022/02/22 18:33:02.979] - eth_getBlockByNumber
[2022/02/22 18:33:02.993] - eth_getBalance
[2022/02/22 18:33:03.008] - eth_getTransactionCount
[2022/02/22 18:33:03.024] - eth_getStorageAt
[2022/02/22 18:33:03.063] - eth_getStorageAt
[2022/02/22 18:34:21.165] - eth_getBalance
[2022/02/22 18:34:21.322] - eth_getTransactionByHash
[2022/02/22 18:34:21.501] - eth_getTransactionReceipt
[2022/02/22 18:34:21.740] - net_version
[2022/02/22 18:34:21.758] - eth_getCode
[2022/02/22 18:34:21.767] - eth_getBlockByNumber
[2022/02/22 18:34:21.777] - eth_getBalance
[2022/02/22 18:34:21.797] - eth_getTransactionCount
[2022/02/22 18:34:21.825] - eth_getStorageAt
[2022/02/22 18:35:44.169] - net_version
[2022/02/22 18:35:44.186] - eth_getCode
[2022/02/22 18:35:44.205] - eth_getBlockByNumber
[2022/02/22 18:35:44.221] - eth_getBalance
[2022/02/22 18:35:44.236] - eth_getTransactionCount
[2022/02/22 18:35:44.253] - eth_getStorageAt
[2022/02/22 18:35:57.685] - eth_getLogs
[2022/02/22 18:36:07.950] - net_version
[2022/02/22 18:36:12.357] - eth_blockNumber
[2022/02/22 18:36:12.490] - eth_getBlockByNumber
[2022/02/22 18:36:16.259] - eth_blockNumber
[2022/02/22 18:36:16.270] - net_version
[2022/02/22 18:36:16.304] - eth_getBlockByNumber
[2022/02/22 18:36:45.678] - eth_blockNumber
[2022/02/22 18:36:45.689] - eth_getBalance
[2022/02/22 18:36:45.702] - eth_getBalance
[2022/02/22 18:36:45.706] - eth_getBalance
[2022/02/22 18:36:45.708] - eth_getBalance
[2022/02/22 18:36:45.710] - eth_getBalance
[2022/02/22 18:36:45.712] - eth_getBalance
[2022/02/22 18:36:45.728] - eth_getBalance
[2022/02/22 18:36:45.743] - eth_getBalance
[2022/02/22 18:36:45.746] - eth_getBalance
[2022/02/22 18:36:45.759] - eth_getBalance
[2022/02/22 18:36:45.762] - eth_getBalance
[2022/02/22 18:36:45.776] - eth_getBalance
[2022/02/22 18:36:45.786] - eth_getBalance
[2022/02/22 18:36:45.797] - eth_blockNumber
[2022/02/22 18:37:06.280] - eth_blockNumber
[2022/02/22 18:37:23.445] - eth_blockNumber
[2022/02/22 18:37:24.900] - net_version
[2022/02/22 18:37:25.436] - eth_call
[2022/02/22 18:37:25.862] - eth_call
[2022/02/22 18:37:26.137] - eth_call
[2022/02/22 18:37:35.822] - eth_blockNumber
[2022/02/22 18:37:43.925] - eth_blockNumber
[2022/02/22 18:37:56.067] - eth_blockNumber
[2022/02/22 18:38:04.252] - eth_blockNumber
[2022/02/22 18:38:11.159] - net_version
[2022/02/22 18:38:11.606] - eth_call
[2022/02/22 18:38:11.896] - eth_call
[2022/02/22 18:38:12.173] - eth_call
[2022/02/22 18:38:12.540] - net_version
[2022/02/22 18:38:12.570] - eth_call
[2022/02/22 18:38:23.104] - eth_call
[2022/02/22 18:38:23.315] - eth_call
[2022/02/22 18:38:23.501] - eth_call
[2022/02/22 18:40:11.324] - eth_blockNumber
[2022/02/22 18:42:17.508] - eth_blockNumber
[2022/02/22 18:42:17.530] - eth_getCode
[2022/02/22 18:42:17.619] - eth_gasPrice
[2022/02/22 18:42:21.092] - eth_blockNumber
[2022/02/22 18:42:23.175] - eth_call
[2022/02/22 18:42:23.504] - eth_getTransactionCount
[2022/02/22 18:42:37.536] - eth_blockNumber
[2022/02/22 18:42:41.400] - eth_blockNumber
[2022/02/22 18:42:47.633] - eth_sendRawTransaction
[2022/02/22 18:42:48.337] - 
[2022/02/22 18:42:48.338] -   Transaction: 0x8e66cff6a5ff74fe16de1b4ec77df69f48ce50422a81e3f24be90501d44ae53f
[2022/02/22 18:42:48.339] -   Gas usage: 27434
[2022/02/22 18:42:48.341] -   Block Number: 34
[2022/02/22 18:42:48.406] -   Block Time: Tue Feb 22 2022 18:42:47 GMT+0300 (East Africa Time)
[2022/02/22 18:42:48.407] - 
[2022/02/22 18:42:48.410] - eth_getBlockByNumber
[2022/02/22 18:42:48.913] - eth_getBalance
[2022/02/22 18:42:49.018] - eth_getTransactionCount
[2022/02/22 18:42:49.080] - eth_getBalance
[2022/02/22 18:42:49.142] - eth_getTransactionCount
[2022/02/22 18:42:49.261] - eth_getBalance
[2022/02/22 18:42:49.318] - eth_getTransactionCount
[2022/02/22 18:42:49.483] - eth_getBalance
[2022/02/22 18:42:49.573] - eth_getTransactionReceipt
[2022/02/22 18:42:49.637] - eth_getTransactionCount
[2022/02/22 18:42:49.724] - eth_getBalance
[2022/02/22 18:42:49.787] - eth_getTransactionCount
[2022/02/22 18:42:49.853] - eth_getBalance
[2022/02/22 18:42:49.910] - eth_getTransactionCount
[2022/02/22 18:42:49.960] - eth_getBalance
[2022/02/22 18:42:50.028] - eth_getTransactionCount
[2022/02/22 18:42:50.085] - eth_getBalance
[2022/02/22 18:42:50.125] - eth_getTransactionCount
[2022/02/22 18:42:50.214] - eth_getBalance
[2022/02/22 18:42:50.265] - eth_getTransactionCount
[2022/02/22 18:42:50.308] - eth_getBalance
[2022/02/22 18:42:50.346] - eth_getTransactionCount
[2022/02/22 18:42:50.465] - eth_blockNumber
[2022/02/22 18:42:50.495] - eth_getBlockByNumber
[2022/02/22 18:42:50.545] - eth_getTransactionReceipt
[2022/02/22 18:42:51.156] - eth_getBalance
[2022/02/22 18:42:51.159] - eth_getBalance
[2022/02/22 18:42:51.177] - eth_getBalance
[2022/02/22 18:42:51.179] - eth_getBalance
[2022/02/22 18:42:51.191] - eth_getBalance
[2022/02/22 18:42:51.201] - eth_getBalance
[2022/02/22 18:42:51.233] - eth_getBalance
[2022/02/22 18:42:51.236] - eth_getBalance
[2022/02/22 18:42:51.300] - eth_getBalance
[2022/02/22 18:42:51.303] - eth_getBalance
[2022/02/22 18:42:51.320] - eth_getBalance
[2022/02/22 18:42:51.329] - eth_getBalance
[2022/02/22 18:42:51.333] - eth_getBlockByHash
[2022/02/22 18:42:52.926] - net_version
[2022/02/22 18:42:53.571] - eth_call
[2022/02/22 18:42:53.802] - eth_call
[2022/02/22 18:42:53.805] - eth_call
[2022/02/22 18:42:54.363] - net_version
[2022/02/22 18:42:54.435] - eth_call
[2022/02/22 18:43:01.330] - net_version
[2022/02/22 18:43:01.696] - net_version
[2022/02/22 18:43:08.244] - net_version
[2022/02/22 18:43:08.248] - net_version
[2022/02/22 18:43:08.455] - eth_call
[2022/02/22 18:43:08.459] - eth_call
[2022/02/22 18:43:08.683] - eth_call
[2022/02/22 18:43:08.860] - eth_call
[2022/02/22 18:43:08.862] - eth_call
[2022/02/22 18:43:09.082] - eth_call
[2022/02/22 18:43:09.161] - eth_call
[2022/02/22 18:43:09.178] - eth_call
[2022/02/22 18:43:09.183] - eth_call
[2022/02/22 18:43:21.191] - net_version
[2022/02/22 18:43:21.202] - eth_blockNumber
[2022/02/22 18:43:21.304] - net_version
[2022/02/22 18:43:32.918] - eth_getCode
[2022/02/22 18:43:32.989] - eth_gasPrice
[2022/02/22 18:43:36.121] - eth_blockNumber
[2022/02/22 18:43:37.472] - eth_call
[2022/02/22 18:43:37.786] - eth_getTransactionCount
[2022/02/22 18:43:39.863] - eth_sendRawTransaction
[2022/02/22 18:43:40.143] - 
[2022/02/22 18:43:40.144] -   Transaction: 0x37e901ad80432095b0df97b45b7191529c9757fb9daf7753c834fdb53859acef
[2022/02/22 18:43:40.145] -   Gas usage: 27434
[2022/02/22 18:43:40.146] -   Block Number: 35
[2022/02/22 18:43:40.147] -   Block Time: Tue Feb 22 2022 18:43:39 GMT+0300 (East Africa Time)
[2022/02/22 18:43:40.149] - 
[2022/02/22 18:43:40.152] - eth_getBlockByNumber
[2022/02/22 18:43:40.296] - eth_getTransactionReceipt
[2022/02/22 18:43:40.614] - eth_blockNumber
[2022/02/22 18:43:40.839] - eth_getTransactionReceipt
[2022/02/22 18:43:41.005] - eth_getBlockByHash
[2022/02/22 18:43:42.061] - net_version
[2022/02/22 18:43:42.280] - eth_getBalance
[2022/02/22 18:43:42.291] - eth_call
[2022/02/22 18:43:42.497] - eth_call
[2022/02/22 18:43:42.501] - eth_call
[2022/02/22 18:43:42.967] - net_version
[2022/02/22 18:43:42.997] - eth_call
[2022/02/22 18:43:43.630] - eth_getBalance
[2022/02/22 18:43:43.680] - eth_getTransactionCount
[2022/02/22 18:43:43.782] - eth_getBalance
[2022/02/22 18:43:43.871] - eth_getTransactionCount
[2022/02/22 18:43:43.903] - eth_getBalance
[2022/02/22 18:43:43.937] - eth_getTransactionCount
[2022/02/22 18:43:43.965] - eth_getBalance
[2022/02/22 18:43:44.000] - eth_getTransactionCount
[2022/02/22 18:43:44.042] - eth_getBalance
[2022/02/22 18:43:44.084] - eth_getTransactionCount
[2022/02/22 18:43:44.124] - eth_getBalance
[2022/02/22 18:43:44.162] - eth_getTransactionCount
[2022/02/22 18:43:44.206] - eth_getBalance
[2022/02/22 18:43:44.247] - eth_getTransactionCount
[2022/02/22 18:43:44.275] - eth_getBalance
[2022/02/22 18:43:44.314] - eth_getTransactionCount
[2022/02/22 18:43:44.510] - eth_getBalance
[2022/02/22 18:43:44.582] - eth_getTransactionCount
[2022/02/22 18:43:44.610] - eth_getBalance
[2022/02/22 18:43:44.646] - eth_getTransactionCount
[2022/02/22 18:43:52.677] - eth_call
[2022/02/22 18:43:52.970] - eth_call
[2022/02/22 18:43:52.976] - eth_call
[2022/02/22 18:44:01.275] - net_version
[2022/02/22 18:44:01.283] - net_version
[2022/02/22 18:44:01.285] - eth_blockNumber
[2022/02/22 18:44:01.310] - eth_call
[2022/02/22 18:44:01.318] - eth_call
[2022/02/22 18:44:01.505] - eth_call
[2022/02/22 18:44:01.718] - eth_call
[2022/02/22 18:44:01.720] - eth_call
[2022/02/22 18:44:01.723] - eth_call
[2022/02/22 18:44:01.885] - eth_call
[2022/02/22 18:44:02.012] - eth_call
[2022/02/22 18:44:15.374] - eth_blockNumber
[2022/02/22 18:44:15.527] - eth_getBalance
[2022/02/22 18:44:15.539] - eth_getBalance
[2022/02/22 18:44:15.551] - eth_getBalance
[2022/02/22 18:44:15.609] - eth_getBalance
[2022/02/22 18:44:15.651] - eth_getBalance
[2022/02/22 18:44:15.661] - eth_getBalance
[2022/02/22 18:44:15.675] - eth_getBalance
[2022/02/22 18:44:15.692] - eth_getBalance
[2022/02/22 18:44:15.719] - eth_getBalance
[2022/02/22 18:44:15.737] - eth_getBalance
[2022/02/22 18:44:15.759] - eth_getBalance
[2022/02/22 18:44:21.420] - eth_blockNumber
[2022/02/22 18:44:25.961] - net_version
[2022/02/22 18:44:25.964] - net_version
[2022/02/22 18:44:26.195] - eth_call
[2022/02/22 18:44:29.118] - net_version
[2022/02/22 18:44:29.122] - net_version
[2022/02/22 18:44:34.494] - net_version
[2022/02/22 18:44:34.703] - eth_call
[2022/02/22 18:44:34.926] - eth_call
[2022/02/22 18:44:34.929] - eth_call
[2022/02/22 18:44:35.271] - net_version
[2022/02/22 18:44:35.293] - eth_call
[2022/02/22 18:44:53.444] - eth_blockNumber
[2022/02/22 18:44:53.473] - eth_getCode
[2022/02/22 18:44:53.546] - eth_gasPrice
[2022/02/22 18:44:56.799] - eth_blockNumber
[2022/02/22 18:44:58.160] - eth_call
[2022/02/22 18:44:58.451] - eth_getTransactionCount
[2022/02/22 18:45:00.359] - eth_sendRawTransaction
[2022/02/22 18:45:00.560] - 
[2022/02/22 18:45:00.561] -   Transaction: 0x7d1340c7daca926421684c3a1416391dba5d026abe1c13fdeb26f90ac5e462d5
[2022/02/22 18:45:00.562] -   Gas usage: 27434
[2022/02/22 18:45:00.564] -   Block Number: 36
[2022/02/22 18:45:00.571] -   Block Time: Tue Feb 22 2022 18:45:00 GMT+0300 (East Africa Time)
[2022/02/22 18:45:00.578] - 
[2022/02/22 18:45:00.589] - eth_getBlockByNumber
[2022/02/22 18:45:00.895] - eth_getTransactionReceipt
[2022/02/22 18:45:00.937] - eth_getBalance
[2022/02/22 18:45:01.001] - eth_getTransactionCount
[2022/02/22 18:45:01.049] - eth_blockNumber
[2022/02/22 18:45:01.280] - eth_getBlockByNumber
[2022/02/22 18:45:01.417] - eth_getTransactionReceipt
[2022/02/22 18:45:01.453] - eth_getBalance
[2022/02/22 18:45:01.518] - eth_getBalance
[2022/02/22 18:45:01.594] - eth_getBalance
[2022/02/22 18:45:01.610] - eth_getBalance
[2022/02/22 18:45:01.627] - eth_getBalance
[2022/02/22 18:45:01.643] - eth_getBalance
[2022/02/22 18:45:01.656] - eth_getBalance
[2022/02/22 18:45:01.675] - eth_getBalance
[2022/02/22 18:45:01.688] - eth_getBalance
[2022/02/22 18:45:01.701] - eth_getBalance
[2022/02/22 18:45:01.719] - eth_getBalance
[2022/02/22 18:45:01.735] - eth_getBalance
[2022/02/22 18:45:01.748] - eth_getBlockByHash
[2022/02/22 18:45:02.443] - eth_getBalance
[2022/02/22 18:45:02.637] - eth_getTransactionCount
[2022/02/22 18:45:02.707] - net_version
[2022/02/22 18:45:02.748] - eth_getBalance
[2022/02/22 18:45:02.919] - eth_call
[2022/02/22 18:45:02.946] - eth_getTransactionCount
[2022/02/22 18:45:03.070] - eth_call
[2022/02/22 18:45:03.073] - eth_call
[2022/02/22 18:45:03.628] - eth_getBalance
[2022/02/22 18:45:03.801] - net_version
[2022/02/22 18:45:03.810] - eth_getTransactionCount
[2022/02/22 18:45:03.825] - eth_call
[2022/02/22 18:45:04.124] - eth_getBalance
[2022/02/22 18:45:04.224] - eth_getTransactionCount
[2022/02/22 18:45:04.316] - eth_getBalance
[2022/02/22 18:45:04.350] - eth_getTransactionCount
[2022/02/22 18:45:04.459] - eth_getBalance
[2022/02/22 18:45:04.494] - eth_getTransactionCount
[2022/02/22 18:45:04.530] - eth_getBalance
[2022/02/22 18:45:04.594] - eth_getTransactionCount
[2022/02/22 18:45:04.621] - eth_getBalance
[2022/02/22 18:45:04.660] - eth_getTransactionCount
[2022/02/22 18:45:04.706] - eth_getBalance
[2022/02/22 18:45:04.754] - eth_getTransactionCount
[2022/02/22 18:45:47.700] - net_version
[2022/02/22 18:45:47.705] - net_version
[2022/02/22 18:45:48.380] - eth_blockNumber
[2022/02/22 18:45:48.400] - eth_call
[2022/02/22 18:45:48.405] - eth_call
[2022/02/22 18:45:48.878] - eth_call
[2022/02/22 18:45:48.881] - eth_call
[2022/02/22 18:45:48.918] - eth_call
[2022/02/22 18:45:48.920] - eth_call
[2022/02/22 18:45:49.047] - eth_call
[2022/02/22 18:45:49.217] - eth_call
[2022/02/22 18:46:12.935] - net_version
[2022/02/22 18:46:12.946] - net_version
[2022/02/22 18:46:13.705] - eth_blockNumber
[2022/02/22 18:46:13.730] - eth_call
[2022/02/22 18:46:22.304] - net_version
[2022/02/22 18:46:23.090] - eth_call
[2022/02/22 18:46:23.289] - eth_call
[2022/02/22 18:46:23.556] - net_version
[2022/02/22 18:46:23.619] - eth_call
[2022/02/22 18:46:42.529] - eth_blockNumber
[2022/02/22 18:46:42.551] - eth_getCode
[2022/02/22 18:46:42.605] - eth_gasPrice
[2022/02/22 18:46:45.937] - eth_blockNumber
[2022/02/22 18:46:47.222] - eth_call
[2022/02/22 18:46:47.493] - eth_getTransactionCount
[2022/02/22 18:46:53.652] - net_version
[2022/02/22 18:46:54.249] - net_version
[2022/02/22 18:47:02.867] - eth_blockNumber
[2022/02/22 18:47:04.761] - net_version
[2022/02/22 18:47:04.766] - net_version
[2022/02/22 18:47:06.141] - eth_blockNumber
[2022/02/22 18:47:23.254] - eth_blockNumber
[2022/02/22 18:47:26.171] - eth_blockNumber
[2022/02/22 18:47:43.277] - eth_blockNumber
[2022/02/22 18:47:44.462] - eth_blockNumber
[2022/02/22 18:47:44.497] - net_version
[2022/02/22 18:47:44.512] - eth_accounts
[2022/02/22 18:47:44.619] - eth_getBlockByNumber
[2022/02/22 18:47:44.645] - eth_getCode
[2022/02/22 18:47:44.911] - eth_getBlockByNumber
[2022/02/22 18:47:44.940] - eth_call
[2022/02/22 18:47:46.198] - eth_blockNumber
[2022/02/22 18:47:57.047] - eth_getBlockByNumber
[2022/02/22 18:47:57.259] - eth_getBlockTransactionCountByHash
[2022/02/22 18:47:57.355] - eth_getBlockByNumber
[2022/02/22 18:47:57.446] - eth_getBlockTransactionCountByHash
[2022/02/22 18:47:57.581] - eth_getBlockByNumber
[2022/02/22 18:47:57.727] - eth_getBlockTransactionCountByHash
[2022/02/22 18:48:02.299] - eth_unsubscribe
[2022/02/22 18:48:02.301] - eth_unsubscribe
