[2022/02/22 18:48:04.819] - Starting server with initial configuration: {"gasLimit":6721975,"gasPrice":21000,"hardfork":"petersburg","hostname":"127.0.0.1","port":7545,"network_id":5777,"default_balance_ether":100000,"total_accounts":10,"unlocked_accounts":[],"locked":false,"vmErrorsOnRPCResponse":true,"verbose":false,"db_path":"C:\\Users\\BigDEV\\AppData\\Roaming\\Ganache\\workspaces\\KCB\\chaindata","logDirectory":"C:\\Users\\BigDEV\\Downloads\\New folder"}
[2022/02/22 18:48:05.156] - eth_blockNumber
[2022/02/22 18:48:05.413] - eth_getCode
[2022/02/22 18:48:05.415] - eth_subscribe
[2022/02/22 18:48:05.417] - eth_getLogs
[2022/02/22 18:48:05.421] - eth_subscribe
[2022/02/22 18:48:05.442] - eth_getCode
[2022/02/22 18:48:05.501] - eth_getCode
[2022/02/22 18:48:05.915] - eth_getCode
[2022/02/22 18:48:05.941] - eth_subscribe
[2022/02/22 18:48:05.942] - eth_getLogs
[2022/02/22 18:48:05.944] - eth_subscribe
[2022/02/22 18:48:05.960] - eth_getCode
[2022/02/22 18:48:06.000] - eth_getCode
[2022/02/22 18:48:06.231] - eth_blockNumber
[2022/02/22 18:48:06.829] - eth_blockNumber
[2022/02/22 18:48:06.831] - eth_accounts
[2022/02/22 18:48:06.833] - eth_gasPrice
[2022/02/22 18:48:06.835] - eth_blockNumber
[2022/02/22 18:48:06.837] - eth_getBlockByNumber
[2022/02/22 18:48:06.838] - eth_accounts
[2022/02/22 18:48:06.840] - eth_subscribe
[2022/02/22 18:48:06.841] - eth_gasPrice
[2022/02/22 18:48:06.844] - eth_getBlockByNumber
[2022/02/22 18:48:06.846] - eth_subscribe
[2022/02/22 18:48:06.926] - eth_accounts
[2022/02/22 18:48:07.155] - eth_getBalance
[2022/02/22 18:48:07.187] - eth_getTransactionCount
[2022/02/22 18:48:07.247] - eth_getBalance
[2022/02/22 18:48:07.275] - eth_getTransactionCount
[2022/02/22 18:48:07.300] - eth_getBalance
[2022/02/22 18:48:07.325] - eth_getTransactionCount
[2022/02/22 18:48:07.346] - eth_getBalance
[2022/02/22 18:48:07.371] - eth_getTransactionCount
[2022/02/22 18:48:07.414] - eth_getBalance
[2022/02/22 18:48:07.434] - eth_getTransactionCount
[2022/02/22 18:48:07.486] - eth_getBalance
[2022/02/22 18:48:07.626] - eth_getTransactionCount
[2022/02/22 18:48:07.685] - eth_getBalance
[2022/02/22 18:48:07.726] - eth_getTransactionCount
[2022/02/22 18:48:07.759] - eth_getBalance
[2022/02/22 18:48:07.786] - eth_getTransactionCount
[2022/02/22 18:48:07.809] - eth_getBalance
[2022/02/22 18:48:07.847] - eth_getTransactionCount
[2022/02/22 18:48:07.887] - eth_getBalance
[2022/02/22 18:48:07.911] - eth_getTransactionCount
[2022/02/22 18:48:07.979] - eth_getBalance
[2022/02/22 18:48:08.011] - eth_getTransactionCount
[2022/02/22 18:48:08.038] - eth_getBalance
[2022/02/22 18:48:08.063] - eth_getTransactionCount
[2022/02/22 18:48:08.086] - eth_getBalance
[2022/02/22 18:48:08.114] - eth_getTransactionCount
[2022/02/22 18:48:08.135] - eth_getBalance
[2022/02/22 18:48:08.158] - eth_getTransactionCount
[2022/02/22 18:48:08.186] - eth_getBalance
[2022/02/22 18:48:08.217] - eth_getTransactionCount
[2022/02/22 18:48:08.258] - eth_getBalance
[2022/02/22 18:48:08.286] - eth_getTransactionCount
[2022/02/22 18:48:08.316] - eth_getBalance
[2022/02/22 18:48:08.347] - eth_getTransactionCount
[2022/02/22 18:48:08.376] - eth_getBalance
[2022/02/22 18:48:08.420] - eth_getTransactionCount
[2022/02/22 18:48:08.451] - eth_getBalance
[2022/02/22 18:48:08.487] - eth_getTransactionCount
[2022/02/22 18:48:08.510] - eth_getBalance
[2022/02/22 18:48:08.533] - eth_getTransactionCount
[2022/02/22 18:48:08.556] - eth_getBalance
[2022/02/22 18:48:08.584] - eth_getTransactionCount
[2022/02/22 18:48:08.603] - eth_getBalance
[2022/02/22 18:48:08.624] - eth_getTransactionCount
[2022/02/22 18:48:08.653] - eth_getBalance
[2022/02/22 18:48:08.681] - eth_getTransactionCount
[2022/02/22 18:48:08.706] - eth_getBalance
[2022/02/22 18:48:08.734] - eth_getTransactionCount
[2022/02/22 18:48:08.762] - eth_getBalance
[2022/02/22 18:48:08.781] - eth_getTransactionCount
[2022/02/22 18:48:08.805] - eth_getBalance
[2022/02/22 18:48:08.831] - eth_getTransactionCount
[2022/02/22 18:48:08.869] - eth_getBalance
[2022/02/22 18:48:08.896] - eth_getTransactionCount
[2022/02/22 18:48:08.920] - eth_getBalance
[2022/02/22 18:48:08.946] - eth_getTransactionCount
[2022/02/22 18:48:08.967] - eth_getBalance
[2022/02/22 18:48:08.988] - eth_getTransactionCount
[2022/02/22 18:48:09.013] - eth_getBalance
[2022/02/22 18:48:09.038] - eth_getTransactionCount
[2022/02/22 18:48:09.364] - eth_getBalance
[2022/02/22 18:48:09.390] - eth_getTransactionCount
[2022/02/22 18:48:09.413] - eth_getBalance
[2022/02/22 18:48:09.439] - eth_getTransactionCount
[2022/02/22 18:48:09.466] - eth_getBalance
[2022/02/22 18:48:09.503] - eth_getTransactionCount
[2022/02/22 18:48:09.536] - eth_getBalance
[2022/02/22 18:48:09.559] - eth_getTransactionCount
[2022/02/22 18:48:09.582] - eth_getBalance
[2022/02/22 18:48:09.612] - eth_getTransactionCount
[2022/02/22 18:48:09.639] - eth_getBalance
[2022/02/22 18:48:09.661] - eth_getTransactionCount
[2022/02/22 18:48:09.687] - eth_getBalance
[2022/02/22 18:48:09.717] - eth_getTransactionCount
[2022/02/22 18:48:09.739] - eth_getBalance
[2022/02/22 18:48:09.759] - eth_getTransactionCount
[2022/02/22 18:48:09.788] - eth_getBalance
[2022/02/22 18:48:09.809] - eth_getTransactionCount
[2022/02/22 18:48:09.832] - eth_getBalance
[2022/02/22 18:48:09.863] - eth_getTransactionCount
[2022/02/22 18:48:25.176] - eth_blockNumber
[2022/02/22 18:48:26.252] - eth_blockNumber
[2022/02/22 18:48:44.276] - net_version
[2022/02/22 18:48:44.278] - net_version
[2022/02/22 18:48:45.215] - eth_blockNumber
[2022/02/22 18:48:46.275] - eth_blockNumber
[2022/02/22 18:48:57.342] - net_version
[2022/02/22 18:48:57.902] - net_version
[2022/02/22 18:49:05.553] - eth_blockNumber
[2022/02/22 18:49:07.144] - eth_blockNumber
[2022/02/22 18:49:25.579] - eth_blockNumber
[2022/02/22 18:49:27.435] - eth_blockNumber
[2022/02/22 18:49:45.934] - eth_blockNumber
[2022/02/22 18:49:48.135] - net_version
[2022/02/22 18:49:48.595] - net_version
[2022/02/22 18:50:07.044] - eth_blockNumber
[2022/02/22 18:50:10.364] - eth_blockNumber
[2022/02/22 18:50:16.709] - eth_sendRawTransaction
[2022/02/22 18:50:17.523] - 
[2022/02/22 18:50:17.532] -   Transaction: 0x37e4bdb02af8b3a36afb6a07c90b10906b64b5d8722ad28d1eb23e67392da1b8
[2022/02/22 18:50:17.535] -   Gas usage: 27434
[2022/02/22 18:50:17.539] -   Block Number: 37
[2022/02/22 18:50:17.542] -   Block Time: Tue Feb 22 2022 18:50:16 GMT+0300 (East Africa Time)
[2022/02/22 18:50:17.544] - 
[2022/02/22 18:50:17.554] - eth_getBlockByNumber
[2022/02/22 18:50:17.557] - eth_blockNumber
[2022/02/22 18:50:17.560] - eth_getTransactionReceipt
[2022/02/22 18:50:17.636] - eth_getBlockByHash
[2022/02/22 18:50:17.741] - eth_getBalance
[2022/02/22 18:50:17.849] - eth_getTransactionCount
[2022/02/22 18:50:17.912] - eth_getBalance
[2022/02/22 18:50:18.027] - eth_getTransactionCount
[2022/02/22 18:50:18.104] - eth_getBalance
[2022/02/22 18:50:18.174] - eth_getTransactionCount
[2022/02/22 18:50:18.316] - eth_getBalance
[2022/02/22 18:50:18.399] - eth_getTransactionCount
[2022/02/22 18:50:18.469] - eth_getBalance
[2022/02/22 18:50:18.638] - eth_getTransactionCount
[2022/02/22 18:50:18.712] - eth_getBalance
[2022/02/22 18:50:18.819] - eth_getTransactionCount
[2022/02/22 18:50:18.946] - eth_getBalance
[2022/02/22 18:50:18.964] - net_version
[2022/02/22 18:50:19.065] - eth_getTransactionCount
[2022/02/22 18:50:19.203] - eth_getBalance
[2022/02/22 18:50:19.303] - eth_getBalance
[2022/02/22 18:50:19.322] - eth_call
[2022/02/22 18:50:19.374] - eth_getTransactionCount
[2022/02/22 18:50:19.478] - eth_getBalance
[2022/02/22 18:50:19.507] - eth_call
[2022/02/22 18:50:19.513] - eth_call
[2022/02/22 18:50:19.578] - eth_getTransactionCount
[2022/02/22 18:50:19.636] - eth_getBalance
[2022/02/22 18:50:19.679] - eth_getTransactionCount
[2022/02/22 18:50:20.039] - net_version
[2022/02/22 18:50:20.065] - eth_call
[2022/02/22 18:50:28.402] - eth_call
[2022/02/22 18:50:28.642] - eth_call
[2022/02/22 18:50:28.664] - eth_call
[2022/02/22 18:50:38.112] - net_version
[2022/02/22 18:50:38.114] - net_version
[2022/02/22 18:50:38.118] - eth_blockNumber
[2022/02/22 18:50:38.147] - eth_call
[2022/02/22 18:50:38.164] - eth_call
[2022/02/22 18:50:38.459] - eth_call
[2022/02/22 18:50:38.462] - eth_call
[2022/02/22 18:50:38.471] - eth_call
[2022/02/22 18:50:38.473] - eth_call
[2022/02/22 18:50:38.590] - eth_call
[2022/02/22 18:50:50.913] - net_version
[2022/02/22 18:50:51.295] - net_version
[2022/02/22 18:51:00.974] - eth_blockNumber
[2022/02/22 18:51:00.989] - eth_getCode
[2022/02/22 18:51:01.031] - eth_gasPrice
[2022/02/22 18:51:04.011] - eth_blockNumber
[2022/02/22 18:51:04.123] - eth_getBalance
[2022/02/22 18:51:04.133] - eth_getBalance
[2022/02/22 18:51:04.142] - eth_getBalance
[2022/02/22 18:51:04.176] - eth_getBalance
[2022/02/22 18:51:04.178] - eth_getBalance
[2022/02/22 18:51:04.205] - eth_getBalance
[2022/02/22 18:51:04.212] - eth_getBalance
[2022/02/22 18:51:04.250] - eth_getBalance
[2022/02/22 18:51:04.265] - eth_getBalance
[2022/02/22 18:51:04.272] - eth_getBalance
[2022/02/22 18:51:04.279] - eth_getBalance
[2022/02/22 18:51:05.799] - eth_call
[2022/02/22 18:51:06.045] - eth_getTransactionCount
[2022/02/22 18:51:07.702] - eth_sendRawTransaction
[2022/02/22 18:51:08.057] - 
[2022/02/22 18:51:08.060] -   Transaction: 0x356ef1d6048599b58c43921756f907da767f6653bb80d504afee2ce434fe7382
[2022/02/22 18:51:08.061] -   Gas usage: 25962
[2022/02/22 18:51:08.062] -   Block Number: 38
[2022/02/22 18:51:08.063] -   Block Time: Tue Feb 22 2022 18:51:07 GMT+0300 (East Africa Time)
[2022/02/22 18:51:08.064] - 
[2022/02/22 18:51:08.067] - eth_getBlockByNumber
[2022/02/22 18:51:08.178] - eth_getBalance
[2022/02/22 18:51:08.214] - eth_getTransactionReceipt
[2022/02/22 18:51:08.368] - eth_getTransactionCount
[2022/02/22 18:51:08.461] - eth_getBalance
[2022/02/22 18:51:08.482] - eth_blockNumber
[2022/02/22 18:51:08.774] - eth_getTransactionReceipt
[2022/02/22 18:51:08.790] - eth_getBlockByHash
[2022/02/22 18:51:08.929] - eth_getTransactionCount
[2022/02/22 18:51:09.061] - eth_getBalance
[2022/02/22 18:51:09.136] - eth_getTransactionCount
[2022/02/22 18:51:09.268] - eth_getBalance
[2022/02/22 18:51:09.341] - eth_getTransactionCount
[2022/02/22 18:51:09.399] - eth_getBalance
[2022/02/22 18:51:09.459] - eth_getTransactionCount
[2022/02/22 18:51:09.518] - eth_getBalance
[2022/02/22 18:51:09.587] - eth_getTransactionCount
[2022/02/22 18:51:09.674] - eth_getBalance
[2022/02/22 18:51:09.771] - eth_getTransactionCount
[2022/02/22 18:51:09.861] - eth_getBalance
[2022/02/22 18:51:09.924] - eth_getTransactionCount
[2022/02/22 18:51:09.981] - eth_getBalance
[2022/02/22 18:51:10.085] - eth_getTransactionCount
[2022/02/22 18:51:10.190] - eth_getBalance
[2022/02/22 18:51:10.350] - eth_getTransactionCount
[2022/02/22 18:51:10.459] - net_version
[2022/02/22 18:51:10.777] - eth_getBalance
[2022/02/22 18:51:10.784] - eth_call
[2022/02/22 18:51:11.186] - eth_call
[2022/02/22 18:51:11.189] - eth_call
[2022/02/22 18:51:11.611] - net_version
[2022/02/22 18:51:11.662] - eth_call
[2022/02/22 18:51:25.047] - eth_call
[2022/02/22 18:51:25.251] - eth_call
[2022/02/22 18:51:25.254] - eth_call
[2022/02/22 18:54:02.327] - eth_blockNumber
[2022/02/23 07:21:08.757] - net_version
[2022/02/23 07:21:08.981] - eth_blockNumber
[2022/02/23 07:21:09.268] - net_version
[2022/02/23 07:34:35.814] - eth_blockNumber
[2022/02/23 07:34:35.839] - net_version
[2022/02/23 07:34:37.097] - net_version
[2022/02/23 07:46:01.317] - net_version
[2022/02/23 07:46:02.111] - eth_blockNumber
[2022/02/23 07:46:02.242] - net_version
[2022/02/23 07:47:27.339] - net_version
[2022/02/23 07:47:27.702] - eth_blockNumber
[2022/02/23 07:47:27.987] - net_version
[2022/02/23 07:55:34.474] - eth_unsubscribe
[2022/02/23 07:55:34.982] - eth_unsubscribe
